<?xml version="1.0" encoding="UTF-8"?>
<!-- Generated by org.testng.reporters.JUnitReportReporter -->
<testsuite hostname="DESKTOP-96CEFDH" failures="0" tests="1" name="FirstTest" time="25.521" errors="0" timestamp="2022-06-09T23:05:37 IST" skipped="0">
  <testcase classname="FirstTest" name="verifyHomePage" time="25.521"/>
  <system-out/>
</testsuite> <!-- FirstTest -->
